#
# A fatal error has been detected by the Java Runtime Environment:
#
#  SIGSEGV (0xb) at pc=0x00007fde158dd100, pid=20566, tid=20590
#
# JRE version: OpenJDK Runtime Environment Temurin-17.0.11+9 (17.0.11+9) (build 17.0.11+9)
# Java VM: OpenJDK 64-Bit Server VM Temurin-17.0.11+9 (17.0.11+9, mixed mode, tiered, compressed oops, compressed class ptrs, parallel gc, linux-amd64)
# Problematic frame:
# V  [libjvm.so+0xadd100]  PhaseIdealLoop::build_loop_late(VectorSet&, Node_List&, Node_Stack&)+0x90
#
# Core dump will be written. Default location: Core dumps may be processed with "/usr/lib/systemd/systemd-coredump %P %u %g %s %t %c %h" (or dumping to /home/taipan/DevOps/ci_cd/java-maven-sonar-argocd-helm-k8s/spring-boot-app/core.20566)
#
# If you would like to submit a bug report, please visit:
#   https://github.com/adoptium/adoptium-support/issues
#

---------------  S U M M A R Y ------------

Command Line: --add-modules=ALL-SYSTEM --add-opens=java.base/java.util=ALL-UNNAMED --add-opens=java.base/java.lang=ALL-UNNAMED --add-opens=java.base/sun.nio.fs=ALL-UNNAMED -Declipse.application=org.eclipse.jdt.ls.core.id1 -Dosgi.bundles.defaultStartLevel=4 -Declipse.product=org.eclipse.jdt.ls.core.product -Djava.import.generatesMetadataFilesAtProjectRoot=false -DDetectVMInstallationsJob.disabled=true -Dfile.encoding=utf8 -XX:+UseParallelGC -XX:GCTimeRatio=4 -XX:AdaptiveSizePolicyWeight=90 -Dsun.zip.disableMemoryMapping=true -Xmx1G -Xms100m -Xlog:disable -javaagent:/home/taipan/.vscode/extensions/redhat.java-1.32.0-linux-x64/lombok/lombok-1.18.33.jar /home/taipan/.vscode/extensions/redhat.java-1.32.0-linux-x64/server/plugins/org.eclipse.equinox.launcher_1.6.900.v20240613-2009.jar -configuration /home/taipan/.config/Code/User/globalStorage/redhat.java/1.32.0/config_ss_linux -data /home/taipan/.config/Code/User/workspaceStorage/c01b30f258b44b3e7c026d81545fec35/redhat.java/ss_ws --pipe=/run/user/1000/lsp-457a0b896d7b2a86469be6f0be0aa649.sock

Host: AMD Ryzen 5 4600H with Radeon Graphics, 16 cores, 15G, Fedora release 38 (Thirty Eight)
Time: Fri Jun 28 13:17:58 2024 IST elapsed time: 0.358082 seconds (0d 0h 0m 0s)

---------------  T H R E A D  ---------------

Current thread (0x00007fde102578a0):  JavaThread "C2 CompilerThread0" daemon [_thread_in_native, id=20590, stack(0x00007fddf1be2000,0x00007fddf1ce2000)]


Current CompileTask:
C2:    358  505       4       lombok.patcher.PatchScript::classMatches (41 bytes)

Stack: [0x00007fddf1be2000,0x00007fddf1ce2000],  sp=0x00007fddf1cdcd10,  free space=1003k
Native frames: (J=compiled Java code, j=interpreted, Vv=VM code, C=native code)
V  [libjvm.so+0xadd100]  PhaseIdealLoop::build_loop_late(VectorSet&, Node_List&, Node_Stack&)+0x90
V  [libjvm.so+0xaddb66]  PhaseIdealLoop::build_and_optimize()+0x7b6
V  [libjvm.so+0x5d6acf]  PhaseIdealLoop::optimize(PhaseIterGVN&, LoopOptsMode)+0x16f
V  [libjvm.so+0x5d4774]  Compile::Optimize()+0xa34
V  [libjvm.so+0x5d6365]  Compile::Compile(ciEnv*, ciMethod*, int, bool, bool, bool, bool, bool, DirectiveSet*)+0xe65
V  [libjvm.so+0x5159e9]  C2Compiler::compile_method(ciEnv*, ciMethod*, int, bool, DirectiveSet*)+0xe9
V  [libjvm.so+0x5df333]  CompileBroker::invoke_compiler_on_method(CompileTask*)+0xea3
V  [libjvm.so+0x5e0218]  CompileBroker::compiler_thread_loop()+0x6a8
V  [libjvm.so+0xe61c36]  JavaThread::thread_main_inner()+0x196
V  [libjvm.so+0xe655d8]  Thread::call_run()+0xa8
V  [libjvm.so+0xc26851]  thread_native_entry(Thread*)+0xe1
C  [libc.so.6+0x8c947]  start_thread+0x2f7


siginfo: si_signo: 11 (SIGSEGV), si_code: 1 (SEGV_MAPERR), si_addr: 0x00007bddc00292c8

Registers:
RAX=0x00007fddc01ec070, RBX=0x00007fddc01ebf88, RCX=0x0000000000000000, RDX=0x0000000000000001
RSP=0x00007fddf1cdcd10, RBP=0x00007fddf1cdcd80, RSI=0x00007fde1047a4f8, RDI=0x00007fddf1cdcdf0
R8 =0x00007fddc02fb130, R9 =0x00007fddc02fe868, R10=0x00007bddc00292a0, R11=0x0000000000000002
R12=0x0000000000000001, R13=0x00007fddf1cdd0f0, R14=0x00007fddf1cdce10, R15=0x00007fddf1cdcdd0
RIP=0x00007fde158dd100, EFLAGS=0x0000000000010202, CSGSFS=0x002b000000000033, ERR=0x0000000000000004
  TRAPNO=0x000000000000000e


Register to memory mapping:

RAX=0x00007fddc01ec070 points into unknown readable memory: 0x00007bddc00292a0 | a0 92 02 c0 dd 7b 00 00
RBX=0x00007fddc01ebf88 points into unknown readable memory: 0x00007fde160949a0 | a0 49 09 16 de 7f 00 00
RCX=0x0 is NULL
RDX=0x0000000000000001 is an unknown value
RSP=0x00007fddf1cdcd10 is pointing into the stack for thread: 0x00007fde102578a0
RBP=0x00007fddf1cdcd80 is pointing into the stack for thread: 0x00007fde102578a0
RSI=0x00007fde1047a4f8 points into unknown readable memory: 0x0048000074555001 | 01 50 55 74 00 00 48 00
RDI=0x00007fddf1cdcdf0 is pointing into the stack for thread: 0x00007fde102578a0
R8 =0x00007fddc02fb130 points into unknown readable memory: 0x00007fddc010e180 | 80 e1 10 c0 dd 7f 00 00
R9 =0x00007fddc02fe868 points into unknown readable memory: 0x00007fddc016c351 | 51 c3 16 c0 dd 7f 00 00
R10=0x00007bddc00292a0 is an unknown value
R11=0x0000000000000002 is an unknown value
R12=0x0000000000000001 is an unknown value
R13=0x00007fddf1cdd0f0 is pointing into the stack for thread: 0x00007fde102578a0
R14=0x00007fddf1cdce10 is pointing into the stack for thread: 0x00007fde102578a0
R15=0x00007fddf1cdcdd0 is pointing into the stack for thread: 0x00007fde102578a0


Top of Stack: (sp=0x00007fddf1cdcd10)
0x00007fddf1cdcd10:   00007fddf1cdcd80 00007fde10480ff8
0x00007fddf1cdcd20:   00007fddb003d450 00007fddf1cddaa8
0x00007fddf1cdcd30:   0000005df1cdd0f0 00007fddf1cdcdf0
0x00007fddf1cdcd40:   00007fdd0000006e 00007fde104758f0
0x00007fddf1cdcd50:   00007fddf1cdce10 00007fddf1cdd0f0
0x00007fddf1cdcd60:   00007fddf1cdcdd0 0000000000000006
0x00007fddf1cdcd70:   00007fddf1cdce10 00007fddf1cdcdf0
0x00007fddf1cdcd80:   00007fddf1cdd0c0 00007fde158ddb66
0x00007fddf1cdcd90:   00007fddf1cdce30 00007fdd00000001
0x00007fddf1cdcda0:   00007fdd00000e68 00007fdd00000e69
0x00007fddf1cdcdb0:   00007fde1003f460 0000000000000000
0x00007fddf1cdcdc0:   00007fddac001fe0 00007fddc01f12e0
0x00007fddf1cdcdd0:   0000000000000080 00007fde1047a440
0x00007fddf1cdcde0:   00007fdd00000080 00007fde102561e0
0x00007fddf1cdcdf0:   00007fde10475900 00007fde1047a1b0
0x00007fddf1cdce00:   00007fde10475900 00007fde102561e0
0x00007fddf1cdce10:   00007fde102561e0 00007fde00000400
0x00007fddf1cdce20:   00007fddc01ff270 00007fde0000025d
0x00007fddf1cdce30:   00007fde102561e0 0000000000000004
0x00007fddf1cdce40:   00007fddc00a64a0 0000000000000000
0x00007fddf1cdce50:   0000000000000000 00007fddc01f12e0
0x00007fddf1cdce60:   00007fddc0000d30 00007fddac001fe0
0x00007fddf1cdce70:   0000000000000000 0000000000000005
0x00007fddf1cdce80:   00007fddf1cdceb0 00007fde15c77a3b
0x00007fddf1cdce90:   0000000000000000 00007fddc40d91e8
0x00007fddf1cdcea0:   0000000000000000 00007fddc001b278
0x00007fddf1cdceb0:   00007fddf1cdcf30 00007fde15c800c4
0x00007fddf1cdcec0:   0000000000000000 000000007fffffff
0x00007fddf1cdced0:   00007fddf1cdcf30 00007fde1548b98c
0x00007fddf1cdcee0:   00007fddf1cdcf60 0000000080009c10
0x00007fddf1cdcef0:   00007fddc01f12e0 0000000000000800
0x00007fddf1cdcf00:   0000000000000000 0000000000000000 

Instructions: (pc=0x00007fde158dd100)
0x00007fde158dd000:   85 db 74 92 31 db 48 89 1a 48 89 de 4c 89 ff e8
0x00007fde158dd010:   ac 88 fe ff 4c 89 ee 4c 89 ff 49 89 c6 e8 9e 88
0x00007fde158dd020:   fe ff 41 0f b7 56 58 66 3b 50 58 73 09 48 8b 00
0x00007fde158dd030:   66 39 50 58 77 f7 49 39 c6 0f 85 84 fa ff ff 4c
0x00007fde158dd040:   39 e3 74 08 49 89 dd e9 77 fa ff ff 41 8b 57 28
0x00007fde158dd050:   49 89 dd e9 85 fa ff ff 0f 1f 84 00 00 00 00 00
0x00007fde158dd060:   ba 01 00 00 00 e9 86 f6 ff ff 66 0f 1f 44 00 00
0x00007fde158dd070:   55 48 8d 87 b8 09 00 00 48 89 e5 41 57 49 89 f7
0x00007fde158dd080:   41 56 49 89 d6 41 55 49 89 fd 41 54 41 bc 01 00
0x00007fde158dd090:   00 00 53 48 83 ec 48 48 89 4d b8 48 89 45 a8 41
0x00007fde158dd0a0:   8b 46 18 85 c0 0f 84 43 01 00 00 49 8b 56 10 83
0x00007fde158dd0b0:   e8 01 41 89 46 18 48 8b 1c c2 8b 4b 28 89 c8 c1
0x00007fde158dd0c0:   e8 05 41 3b 07 0f 83 35 01 00 00 44 89 e2 d3 e2
0x00007fde158dd0d0:   49 8b 4f 08 89 d6 48 8d 0c 81 8b 01 09 c6 89 31
0x00007fde158dd0e0:   85 c2 75 bb 44 8b 5b 20 31 d2 41 39 d3 0f 86 d5
0x00007fde158dd0f0:   00 00 00 48 8b 43 10 89 d1 83 c2 01 4c 8b 14 c8
0x00007fde158dd100:   41 8b 4a 28 41 3b 4d 28 0f 83 32 01 00 00 49 8b
0x00007fde158dd110:   75 30 89 c8 48 83 3c c6 00 0f 84 21 01 00 00 49
0x00007fde158dd120:   8b 42 08 48 83 38 00 74 3b 49 8b 02 89 55 b4 4c
0x00007fde158dd130:   89 d7 44 89 5d c0 4c 89 55 c8 ff 50 10 4c 8b 55
0x00007fde158dd140:   c8 44 8b 5d c0 84 c0 8b 55 b4 0f 85 30 01 00 00
0x00007fde158dd150:   41 8b 42 2c 83 e0 0f 83 f8 0c 0f 84 20 01 00 00
0x00007fde158dd160:   41 8b 4a 28 89 c8 c1 e8 05 41 3b 07 0f 83 de 01
0x00007fde158dd170:   00 00 49 8b 77 08 44 89 e7 d3 e7 48 8d 34 86 89
0x00007fde158dd180:   f9 8b 06 09 c7 89 3e 85 c1 0f 85 5b ff ff ff 48
0x00007fde158dd190:   8b 7d b8 48 8b 07 48 89 45 c8 48 83 c0 10 48 89
0x00007fde158dd1a0:   07 48 3b 47 08 0f 83 dd 01 00 00 48 89 18 4c 89
0x00007fde158dd1b0:   d3 89 50 08 45 8b 5a 20 31 d2 41 39 d3 0f 87 30
0x00007fde158dd1c0:   ff ff ff 0f 1f 44 00 00 ba 01 00 00 00 48 89 de
0x00007fde158dd1d0:   4c 89 ef e8 18 f5 ff ff 49 8b 45 10 48 8b 90 70
0x00007fde158dd1e0:   01 00 00 48 83 7a 58 00 0f 84 d2 00 00 00 48 83
0x00007fde158dd1f0:   c4 48 5b 41 5c 41 5d 41 5e 41 5f 5d c3 0f 1f 00 


Stack slot to memory mapping:
stack at sp + 0 slots: 0x00007fddf1cdcd80 is pointing into the stack for thread: 0x00007fde102578a0
stack at sp + 1 slots: 0x00007fde10480ff8 points into unknown readable memory: 0x00007fde16099938 | 38 99 09 16 de 7f 00 00
stack at sp + 2 slots: 0x00007fddb003d450 points into unknown readable memory: 0x00007fde160943c0 | c0 43 09 16 de 7f 00 00
stack at sp + 3 slots: 0x00007fddf1cddaa8 is pointing into the stack for thread: 0x00007fde102578a0
stack at sp + 4 slots: 0x0000005df1cdd0f0 is an unknown value
stack at sp + 5 slots: 0x00007fddf1cdcdf0 is pointing into the stack for thread: 0x00007fde102578a0
stack at sp + 6 slots: 0x00007fdd0000006e is an unknown value
stack at sp + 7 slots: 0x00007fde104758f0 points into unknown readable memory: 0x00007fddc02db0d0 | d0 b0 2d c0 dd 7f 00 00


---------------  P R O C E S S  ---------------

Threads class SMR info:
_java_thread_list=0x00007fddc4117b10, length=13, elements={
0x00007fde10027b90, 0x00007fde10229160, 0x00007fde1022a6e0, 0x00007fde102519b0,
0x00007fde102552a0, 0x00007fde10256240, 0x00007fde102578a0, 0x00007fde10258d60,
0x00007fde102621a0, 0x00007fde102e02e0, 0x00007fddc4090260, 0x00007fde103dee40,
0x00007fddc4116b40
}

Java Threads: ( => current thread )
  0x00007fde10027b90 JavaThread "main" [_thread_in_vm, id=20567, stack(0x00007fde14c1f000,0x00007fde14d1f000)]
  0x00007fde10229160 JavaThread "Reference Handler" daemon [_thread_blocked, id=20584, stack(0x00007fddf20e2000,0x00007fddf21e2000)]
  0x00007fde1022a6e0 JavaThread "Finalizer" daemon [_thread_blocked, id=20585, stack(0x00007fddf1fe2000,0x00007fddf20e2000)]
  0x00007fde102519b0 JavaThread "Signal Dispatcher" daemon [_thread_blocked, id=20587, stack(0x00007fddf1ee2000,0x00007fddf1fe2000)]
  0x00007fde102552a0 JavaThread "Service Thread" daemon [_thread_blocked, id=20588, stack(0x00007fddf1de2000,0x00007fddf1ee2000)]
  0x00007fde10256240 JavaThread "Monitor Deflation Thread" daemon [_thread_blocked, id=20589, stack(0x00007fddf1ce2000,0x00007fddf1de2000)]
=>0x00007fde102578a0 JavaThread "C2 CompilerThread0" daemon [_thread_in_native, id=20590, stack(0x00007fddf1be2000,0x00007fddf1ce2000)]
  0x00007fde10258d60 JavaThread "C1 CompilerThread0" daemon [_thread_blocked, id=20591, stack(0x00007fddf1ae2000,0x00007fddf1be2000)]
  0x00007fde102621a0 JavaThread "Sweeper thread" daemon [_thread_blocked, id=20592, stack(0x00007fddf19e2000,0x00007fddf1ae2000)]
  0x00007fde102e02e0 JavaThread "Common-Cleaner" daemon [_thread_blocked, id=20594, stack(0x00007fddf18e2000,0x00007fddf19e2000)]
  0x00007fddc4090260 JavaThread "C2 CompilerThread1" daemon [_thread_blocked, id=20598, stack(0x00007fddf17e2000,0x00007fddf18e2000)]
  0x00007fde103dee40 JavaThread "Notification Thread" daemon [_thread_blocked, id=20613, stack(0x00007fddf16e2000,0x00007fddf17e2000)]
  0x00007fddc4116b40 JavaThread "C2 CompilerThread2" daemon [_thread_in_native, id=20630, stack(0x00007fddf14e1000,0x00007fddf15e1000)]

Other Threads:
  0x00007fde10068d60 VMThread "VM Thread" [stack: 0x00007fddf21e3000,0x00007fddf22e3000] [id=20583]
  0x00007fde1037f3a0 WatcherThread [stack: 0x00007fddf15e2000,0x00007fddf16e2000] [id=20614]
  0x00007fde1003f520 GCTaskThread "GC Thread#0" [stack: 0x00007fde14748000,0x00007fde14848000] [id=20568]

Threads with active compile tasks:
C2 CompilerThread0      367  505       4       lombok.patcher.PatchScript::classMatches (41 bytes)
C2 CompilerThread2      367  521   !   4       java.lang.String::replace (258 bytes)

VM state: not at safepoint (normal execution)

VM Mutex/Monitor currently owned by a thread:  ([mutex/lock_event])
[0x00007fde10023880] Metaspace_lock - owner thread: 0x0000000000000000
[0x00007fde10024430] SymbolArena_lock - owner thread: 0x0000000000000000

Heap address: 0x00000000c0000000, size: 1024 MB, Compressed Oops mode: 32-bit

CDS archive(s) not mapped
Compressed class space mapped at: 0x0000000100000000-0x0000000140000000, reserved size: 1073741824
Narrow klass base: 0x0000000000000000, Narrow klass shift: 3, Narrow klass range: 0x140000000

GC Precious Log:
 CPUs: 16 total, 12 available
 Memory: 15403M
 Large Page Support: Disabled
 NUMA Support: Disabled
 Compressed Oops: Enabled (32-bit)
 Alignments: Space 512K, Generation 512K, Heap 2M
 Heap Min Capacity: 100M
 Heap Initial Capacity: 100M
 Heap Max Capacity: 1G
 Pre-touch: Disabled
 Parallel Workers: 10

Heap:
 PSYoungGen      total 29696K, used 12986K [0x00000000eab00000, 0x00000000ecc00000, 0x0000000100000000)
  eden space 25600K, 50% used [0x00000000eab00000,0x00000000eb7ae858,0x00000000ec400000)
  from space 4096K, 0% used [0x00000000ec800000,0x00000000ec800000,0x00000000ecc00000)
  to   space 4096K, 0% used [0x00000000ec400000,0x00000000ec400000,0x00000000ec800000)
 ParOldGen       total 68608K, used 0K [0x00000000c0000000, 0x00000000c4300000, 0x00000000eab00000)
  object space 68608K, 0% used [0x00000000c0000000,0x00000000c0000000,0x00000000c4300000)
 Metaspace       used 8671K, committed 8832K, reserved 1114112K
  class space    used 868K, committed 960K, reserved 1048576K

Card table byte_map: [0x00007fde14848000,0x00007fde14a49000] _byte_map_base: 0x00007fde14248000

Marking Bits: (ParMarkBitMap*) 0x00007fde16122400
 Begin Bits: [0x00007fddfc200000, 0x00007fddfd200000)
 End Bits:   [0x00007fddfd200000, 0x00007fddfe200000)

Polling page: 0x00007fde163b0000

Metaspace:

Usage:
  Non-class:      7.62 MB used.
      Class:    868.19 KB used.
       Both:      8.47 MB used.

Virtual space:
  Non-class space:       64.00 MB reserved,       7.69 MB ( 12%) committed,  1 nodes.
      Class space:        1.00 GB reserved,     960.00 KB ( <1%) committed,  1 nodes.
             Both:        1.06 GB reserved,       8.62 MB ( <1%) committed. 

Chunk freelists:
   Non-Class:  8.00 MB
       Class:  15.09 MB
        Both:  23.09 MB

MaxMetaspaceSize: unlimited
CompressedClassSpaceSize: 1.00 GB
Initial GC threshold: 21.00 MB
Current GC threshold: 21.00 MB
CDS: off
MetaspaceReclaimPolicy: balanced
 - commit_granule_bytes: 65536.
 - commit_granule_words: 8192.
 - virtual_space_node_default_size: 8388608.
 - enlarge_chunks_in_place: 1.
 - new_chunks_are_fully_committed: 0.
 - uncommit_free_chunks: 1.
 - use_allocation_guard: 0.
 - handle_deallocations: 1.


Internal statistics:

num_allocs_failed_limit: 0.
num_arena_births: 10.
num_arena_deaths: 0.
num_vsnodes_births: 2.
num_vsnodes_deaths: 0.
num_space_committed: 138.
num_space_uncommitted: 0.
num_chunks_returned_to_freelist: 0.
num_chunks_taken_from_freelist: 41.
num_chunk_merges: 0.
num_chunk_splits: 23.
num_chunks_enlarged: 22.
num_inconsistent_stats: 0.

CodeHeap 'non-profiled nmethods': size=120028Kb used=184Kb max_used=184Kb free=119843Kb
 bounds [0x00007fde05cc9000, 0x00007fde05f39000, 0x00007fde0d200000]
CodeHeap 'profiled nmethods': size=120028Kb used=700Kb max_used=700Kb free=119327Kb
 bounds [0x00007fddfe200000, 0x00007fddfe470000, 0x00007fde05737000]
CodeHeap 'non-nmethods': size=5704Kb used=1124Kb max_used=1143Kb free=4579Kb
 bounds [0x00007fde05737000, 0x00007fde059a7000, 0x00007fde05cc9000]
 total_blobs=936 nmethods=521 adapters=331
 compilation: enabled
              stopped_count=0, restarted_count=0
 full_count=0

Compilation events (20 events):
Event: 0.334 Thread 0x00007fddc4116b40  492       4       java.lang.Character::digit (6 bytes)
Event: 0.334 Thread 0x00007fddc4116b40 nmethod 492 0x00007fde05cf2e90 code [0x00007fde05cf3020, 0x00007fde05cf3118]
Event: 0.334 Thread 0x00007fddc4116b40  488       4       java.lang.StringLatin1::newString (24 bytes)
Event: 0.335 Thread 0x00007fde102578a0 nmethod 495 0x00007fde05cf3290 code [0x00007fde05cf3420, 0x00007fde05cf36d8]
Event: 0.337 Thread 0x00007fde102578a0  505       4       lombok.patcher.PatchScript::classMatches (41 bytes)
Event: 0.337 Thread 0x00007fddc4116b40 nmethod 488 0x00007fde05cf3810 code [0x00007fde05cf39a0, 0x00007fde05cf3d98]
Event: 0.342 Thread 0x00007fde10258d60  506       3       sun.security.util.DerInputStream::available (10 bytes)
Event: 0.342 Thread 0x00007fde10258d60 nmethod 506 0x00007fddfe2a9c90 code [0x00007fddfe2a9e20, 0x00007fddfe2a9f30]
Event: 0.343 Thread 0x00007fde10258d60  507       3       java.lang.Byte::<init> (10 bytes)
Event: 0.343 Thread 0x00007fde10258d60 nmethod 507 0x00007fddfe2a9f90 code [0x00007fddfe2aa140, 0x00007fddfe2aa310]
Event: 0.343 Thread 0x00007fde10258d60  508       3       java.util.jar.Manifest$FastInputStream::readLine (296 bytes)
Event: 0.344 Thread 0x00007fde10258d60 nmethod 508 0x00007fddfe2aa410 code [0x00007fddfe2aa640, 0x00007fddfe2aaf40]
Event: 0.344 Thread 0x00007fde10258d60  510       3       java.lang.reflect.Modifier::isPublic (12 bytes)
Event: 0.344 Thread 0x00007fde10258d60 nmethod 510 0x00007fddfe2ab290 code [0x00007fddfe2ab420, 0x00007fddfe2ab570]
Event: 0.344 Thread 0x00007fde10258d60  511  s    3       java.io.ByteArrayOutputStream::write (32 bytes)
Event: 0.345 Thread 0x00007fde10258d60 nmethod 511 0x00007fddfe2ab610 code [0x00007fddfe2ab7c0, 0x00007fddfe2aba00]
Event: 0.346 Thread 0x00007fde10258d60  512       3       java.lang.reflect.Modifier::isProtected (12 bytes)
Event: 0.346 Thread 0x00007fde10258d60 nmethod 512 0x00007fddfe2abb10 code [0x00007fddfe2abca0, 0x00007fddfe2abdf0]
Event: 0.351 Thread 0x00007fde10258d60  513       3       java.lang.invoke.MemberName::initResolved (53 bytes)
Event: 0.351 Thread 0x00007fde10258d60 nmethod 513 0x00007fddfe2abe90 code [0x00007fddfe2ac020, 0x00007fddfe2ac190]

GC Heap History (0 events):
No events

Dll operation events (7 events):
Event: 0.004 Loaded shared library /home/taipan/.vscode/extensions/redhat.java-1.32.0-linux-x64/jre/17.0.11-linux-x86_64/lib/libjava.so
Event: 0.141 Loaded shared library /home/taipan/.vscode/extensions/redhat.java-1.32.0-linux-x64/jre/17.0.11-linux-x86_64/lib/libzip.so
Event: 0.143 Loaded shared library /home/taipan/.vscode/extensions/redhat.java-1.32.0-linux-x64/jre/17.0.11-linux-x86_64/lib/libinstrument.so
Event: 0.150 Loaded shared library /home/taipan/.vscode/extensions/redhat.java-1.32.0-linux-x64/jre/17.0.11-linux-x86_64/lib/libnio.so
Event: 0.158 Loaded shared library /home/taipan/.vscode/extensions/redhat.java-1.32.0-linux-x64/jre/17.0.11-linux-x86_64/lib/libzip.so
Event: 0.174 Loaded shared library /home/taipan/.vscode/extensions/redhat.java-1.32.0-linux-x64/jre/17.0.11-linux-x86_64/lib/libjimage.so
Event: 0.216 Loaded shared library /home/taipan/.vscode/extensions/redhat.java-1.32.0-linux-x64/jre/17.0.11-linux-x86_64/lib/libverify.so

Deoptimization events (20 events):
Event: 0.300 Thread 0x00007fde10027b90 Uncommon trap: trap_request=0xffffffde fr.pc=0x00007fde05cec8a0 relative=0x0000000000000100
Event: 0.300 Thread 0x00007fde10027b90 Uncommon trap: reason=class_check action=maybe_recompile pc=0x00007fde05cec8a0 method=jdk.internal.misc.Unsafe.allocateUninitializedArray(Ljava/lang/Class;I)Ljava/lang/Object; @ 51 c2
Event: 0.300 Thread 0x00007fde10027b90 DEOPT PACKING pc=0x00007fde05cec8a0 sp=0x00007fde14d1a9f0
Event: 0.300 Thread 0x00007fde10027b90 DEOPT UNPACKING pc=0x00007fde0578d399 sp=0x00007fde14d1a998 mode 2
Event: 0.300 Thread 0x00007fde10027b90 Uncommon trap: trap_request=0xffffffde fr.pc=0x00007fde05cec8a0 relative=0x0000000000000100
Event: 0.300 Thread 0x00007fde10027b90 Uncommon trap: reason=class_check action=maybe_recompile pc=0x00007fde05cec8a0 method=jdk.internal.misc.Unsafe.allocateUninitializedArray(Ljava/lang/Class;I)Ljava/lang/Object; @ 51 c2
Event: 0.300 Thread 0x00007fde10027b90 DEOPT PACKING pc=0x00007fde05cec8a0 sp=0x00007fde14d1a9f0
Event: 0.300 Thread 0x00007fde10027b90 DEOPT UNPACKING pc=0x00007fde0578d399 sp=0x00007fde14d1a998 mode 2
Event: 0.300 Thread 0x00007fde10027b90 Uncommon trap: trap_request=0xffffffde fr.pc=0x00007fde05cec8a0 relative=0x0000000000000100
Event: 0.300 Thread 0x00007fde10027b90 Uncommon trap: reason=class_check action=maybe_recompile pc=0x00007fde05cec8a0 method=jdk.internal.misc.Unsafe.allocateUninitializedArray(Ljava/lang/Class;I)Ljava/lang/Object; @ 51 c2
Event: 0.300 Thread 0x00007fde10027b90 DEOPT PACKING pc=0x00007fde05cec8a0 sp=0x00007fde14d1aa30
Event: 0.300 Thread 0x00007fde10027b90 DEOPT UNPACKING pc=0x00007fde0578d399 sp=0x00007fde14d1a9d8 mode 2
Event: 0.317 Thread 0x00007fde10027b90 Uncommon trap: trap_request=0xffffff45 fr.pc=0x00007fde05cddae4 relative=0x00000000000000c4
Event: 0.317 Thread 0x00007fde10027b90 Uncommon trap: reason=unstable_if action=reinterpret pc=0x00007fde05cddae4 method=java.net.URI.match(CJJ)Z @ 45 c2
Event: 0.317 Thread 0x00007fde10027b90 DEOPT PACKING pc=0x00007fde05cddae4 sp=0x00007fde14d1b440
Event: 0.317 Thread 0x00007fde10027b90 DEOPT UNPACKING pc=0x00007fde0578d399 sp=0x00007fde14d1b3e8 mode 2
Event: 0.323 Thread 0x00007fde10027b90 Uncommon trap: trap_request=0xffffff45 fr.pc=0x00007fde05cef1e8 relative=0x0000000000000628
Event: 0.323 Thread 0x00007fde10027b90 Uncommon trap: reason=unstable_if action=reinterpret pc=0x00007fde05cef1e8 method=java.lang.String.replace(Ljava/lang/CharSequence;Ljava/lang/CharSequence;)Ljava/lang/String; @ 48 c2
Event: 0.323 Thread 0x00007fde10027b90 DEOPT PACKING pc=0x00007fde05cef1e8 sp=0x00007fde14d1b7d0
Event: 0.323 Thread 0x00007fde10027b90 DEOPT UNPACKING pc=0x00007fde0578d399 sp=0x00007fde14d1b760 mode 2

Classes unloaded (0 events):
No events

Classes redefined (0 events):
No events

Internal exceptions (2 events):
Event: 0.116 Thread 0x00007fde10027b90 Exception <a 'java/lang/NoSuchMethodError'{0x00000000eacb5530}: 'void java.lang.invoke.DirectMethodHandle$Holder.invokeStatic(java.lang.Object, java.lang.Object, java.lang.Object)'> (0x00000000eacb5530) 
thrown [src/hotspot/share/interpreter/linkResolver.cpp, line 758]
Event: 0.225 Thread 0x00007fde10027b90 Exception <a 'java/lang/reflect/InvocationTargetException'{0x00000000eafd92d0}> (0x00000000eafd92d0) 
thrown [src/hotspot/share/runtime/reflection.cpp, line 1119]

VM Operations (4 events):
Event: 0.121 Executing VM operation: HandshakeAllThreads
Event: 0.121 Executing VM operation: HandshakeAllThreads done
Event: 0.189 Executing VM operation: HandshakeAllThreads
Event: 0.189 Executing VM operation: HandshakeAllThreads done

Events (20 events):
Event: 0.352 loading class java/lang/constant/ClassDesc done
Event: 0.352 loading class java/lang/constant/ConstantUtils
Event: 0.352 loading class java/lang/constant/ConstantUtils done
Event: 0.352 loading class java/lang/constant/ReferenceClassDescImpl
Event: 0.352 loading class java/lang/constant/ReferenceClassDescImpl done
Event: 0.353 loading class java/lang/constant/DirectMethodHandleDesc$Kind
Event: 0.353 loading class java/lang/constant/DirectMethodHandleDesc$Kind done
Event: 0.353 loading class java/lang/constant/MethodTypeDesc
Event: 0.353 loading class java/lang/constant/MethodTypeDesc done
Event: 0.353 loading class java/lang/constant/MethodTypeDescImpl
Event: 0.353 loading class java/lang/constant/MethodTypeDescImpl done
Event: 0.353 loading class java/lang/constant/MethodHandleDesc
Event: 0.353 loading class java/lang/constant/MethodHandleDesc done
Event: 0.353 loading class java/lang/constant/MethodHandleDesc$1
Event: 0.353 loading class java/lang/constant/MethodHandleDesc$1 done
Event: 0.353 loading class java/lang/constant/DirectMethodHandleDescImpl
Event: 0.354 loading class java/lang/constant/DirectMethodHandleDesc
Event: 0.354 loading class java/lang/constant/DirectMethodHandleDesc done
Event: 0.354 loading class java/lang/constant/DirectMethodHandleDescImpl done
Event: 0.354 loading class java/lang/constant/DirectMethodHandleDescImpl$1


Dynamic libraries:
c0000000-c4300000 rw-p 00000000 00:00 0 
c4300000-eab00000 ---p 00000000 00:00 0 
eab00000-ecc00000 rw-p 00000000 00:00 0 
ecc00000-100000000 ---p 00000000 00:00 0 
100000000-100010000 rw-p 00000000 00:00 0 
100010000-100030000 rw-p 00000000 00:00 0 
100030000-1000b0000 rw-p 00000000 00:00 0 
1000b0000-1000d0000 rw-p 00000000 00:00 0 
1000d0000-1000e0000 ---p 00000000 00:00 0 
1000e0000-100100000 rw-p 00000000 00:00 0 
100100000-140000000 ---p 00000000 00:00 0 
55b90bbf8000-55b90bbf9000 r--p 00000000 00:25 4025810                    /home/taipan/.vscode/extensions/redhat.java-1.32.0-linux-x64/jre/17.0.11-linux-x86_64/bin/java
55b90bbf9000-55b90bbfa000 r-xp 00001000 00:25 4025810                    /home/taipan/.vscode/extensions/redhat.java-1.32.0-linux-x64/jre/17.0.11-linux-x86_64/bin/java
55b90bbfa000-55b90bbfb000 r--p 00002000 00:25 4025810                    /home/taipan/.vscode/extensions/redhat.java-1.32.0-linux-x64/jre/17.0.11-linux-x86_64/bin/java
55b90bbfb000-55b90bbfc000 r--p 00002000 00:25 4025810                    /home/taipan/.vscode/extensions/redhat.java-1.32.0-linux-x64/jre/17.0.11-linux-x86_64/bin/java
55b90bbfc000-55b90bbfd000 rw-p 00003000 00:25 4025810                    /home/taipan/.vscode/extensions/redhat.java-1.32.0-linux-x64/jre/17.0.11-linux-x86_64/bin/java
55b90d8cc000-55b90d915000 rw-p 00000000 00:00 0                          [heap]
7fdda8000000-7fdda8021000 rw-p 00000000 00:00 0 
7fdda8021000-7fddac000000 ---p 00000000 00:00 0 
7fddac000000-7fddac105000 rw-p 00000000 00:00 0 
7fddac105000-7fddb0000000 ---p 00000000 00:00 0 
7fddb0000000-7fddb0328000 rw-p 00000000 00:00 0 
7fddb0328000-7fddb4000000 ---p 00000000 00:00 0 
7fddb4000000-7fddb4021000 rw-p 00000000 00:00 0 
7fddb4021000-7fddb8000000 ---p 00000000 00:00 0 
7fddb8000000-7fddb8021000 rw-p 00000000 00:00 0 
7fddb8021000-7fddbc000000 ---p 00000000 00:00 0 
7fddbc000000-7fddbc021000 rw-p 00000000 00:00 0 
7fddbc021000-7fddc0000000 ---p 00000000 00:00 0 
7fddc0000000-7fddc039a000 rw-p 00000000 00:00 0 
7fddc039a000-7fddc4000000 ---p 00000000 00:00 0 
7fddc4000000-7fddc4159000 rw-p 00000000 00:00 0 
7fddc4159000-7fddc8000000 ---p 00000000 00:00 0 
7fddc8000000-7fddc8021000 rw-p 00000000 00:00 0 
7fddc8021000-7fddcc000000 ---p 00000000 00:00 0 
7fddcc000000-7fddcc021000 rw-p 00000000 00:00 0 
7fddcc021000-7fddd0000000 ---p 00000000 00:00 0 
7fddd0000000-7fddd0021000 rw-p 00000000 00:00 0 
7fddd0021000-7fddd4000000 ---p 00000000 00:00 0 
7fddd6a00000-7fdde3ff9000 r--p 00000000 00:25 400954                     /usr/lib/locale/locale-archive
7fdde4000000-7fdde4021000 rw-p 00000000 00:00 0 
7fdde4021000-7fdde8000000 ---p 00000000 00:00 0 
7fdde8000000-7fdde8021000 rw-p 00000000 00:00 0 
7fdde8021000-7fddec000000 ---p 00000000 00:00 0 
7fddec000000-7fddec021000 rw-p 00000000 00:00 0 
7fddec021000-7fddf0000000 ---p 00000000 00:00 0 
7fddf10fa000-7fddf14e1000 rw-p 00000000 00:00 0 
7fddf14e1000-7fddf14e5000 ---p 00000000 00:00 0 
7fddf14e5000-7fddf15e1000 rw-p 00000000 00:00 0 
7fddf15e1000-7fddf15e2000 ---p 00000000 00:00 0 
7fddf15e2000-7fddf16e2000 rw-p 00000000 00:00 0 
7fddf16e2000-7fddf16e6000 ---p 00000000 00:00 0 
7fddf16e6000-7fddf17e2000 rw-p 00000000 00:00 0 
7fddf17e2000-7fddf17e6000 ---p 00000000 00:00 0 
7fddf17e6000-7fddf18e2000 rw-p 00000000 00:00 0 
7fddf18e2000-7fddf18e6000 ---p 00000000 00:00 0 
7fddf18e6000-7fddf19e2000 rw-p 00000000 00:00 0 
7fddf19e2000-7fddf19e6000 ---p 00000000 00:00 0 
7fddf19e6000-7fddf1ae2000 rw-p 00000000 00:00 0 
7fddf1ae2000-7fddf1ae6000 ---p 00000000 00:00 0 
7fddf1ae6000-7fddf1be2000 rw-p 00000000 00:00 0 
7fddf1be2000-7fddf1be6000 ---p 00000000 00:00 0 
7fddf1be6000-7fddf1ce2000 rw-p 00000000 00:00 0 
7fddf1ce2000-7fddf1ce6000 ---p 00000000 00:00 0 
7fddf1ce6000-7fddf1de2000 rw-p 00000000 00:00 0 
7fddf1de2000-7fddf1de6000 ---p 00000000 00:00 0 
7fddf1de6000-7fddf1ee2000 rw-p 00000000 00:00 0 
7fddf1ee2000-7fddf1ee6000 ---p 00000000 00:00 0 
7fddf1ee6000-7fddf1fe2000 rw-p 00000000 00:00 0 
7fddf1fe2000-7fddf1fe6000 ---p 00000000 00:00 0 
7fddf1fe6000-7fddf20e2000 rw-p 00000000 00:00 0 
7fddf20e2000-7fddf20e6000 ---p 00000000 00:00 0 
7fddf20e6000-7fddf21e2000 rw-p 00000000 00:00 0 
7fddf21e2000-7fddf21e3000 ---p 00000000 00:00 0 
7fddf21e3000-7fddf43f0000 rw-p 00000000 00:00 0 
7fddf43f0000-7fddf4450000 rw-p 00000000 00:00 0 
7fddf4450000-7fddf4470000 rw-p 00000000 00:00 0 
7fddf4470000-7fddf44f0000 rw-p 00000000 00:00 0 
7fddf44f0000-7fddf47c0000 rw-p 00000000 00:00 0 
7fddf47c0000-7fddf8000000 ---p 00000000 00:00 0 
7fddf8000000-7fddf8021000 rw-p 00000000 00:00 0 
7fddf8021000-7fddfc000000 ---p 00000000 00:00 0 
7fddfc0ff000-7fddfe200000 rw-p 00000000 00:00 0 
7fddfe200000-7fddfe470000 rwxp 00000000 00:00 0 
7fddfe470000-7fde05737000 ---p 00000000 00:00 0 
7fde05737000-7fde059a7000 rwxp 00000000 00:00 0 
7fde059a7000-7fde05cc9000 ---p 00000000 00:00 0 
7fde05cc9000-7fde05f39000 rwxp 00000000 00:00 0 
7fde05f39000-7fde0d200000 ---p 00000000 00:00 0 
7fde0d200000-7fde0fe2b000 r--s 00000000 00:25 4026218                    /home/taipan/.vscode/extensions/redhat.java-1.32.0-linux-x64/jre/17.0.11-linux-x86_64/lib/modules
7fde0feff000-7fde104d0000 rw-p 00000000 00:00 0 
7fde104d0000-7fde14000000 ---p 00000000 00:00 0 
7fde14061000-7fde14065000 r--p 00000000 00:25 4026216                    /home/taipan/.vscode/extensions/redhat.java-1.32.0-linux-x64/jre/17.0.11-linux-x86_64/lib/libverify.so
7fde14065000-7fde1406c000 r-xp 00004000 00:25 4026216                    /home/taipan/.vscode/extensions/redhat.java-1.32.0-linux-x64/jre/17.0.11-linux-x86_64/lib/libverify.so
7fde1406c000-7fde1406e000 r--p 0000b000 00:25 4026216                    /home/taipan/.vscode/extensions/redhat.java-1.32.0-linux-x64/jre/17.0.11-linux-x86_64/lib/libverify.so
7fde1406e000-7fde14070000 r--p 0000c000 00:25 4026216                    /home/taipan/.vscode/extensions/redhat.java-1.32.0-linux-x64/jre/17.0.11-linux-x86_64/lib/libverify.so
7fde14070000-7fde14071000 rw-p 0000e000 00:25 4026216                    /home/taipan/.vscode/extensions/redhat.java-1.32.0-linux-x64/jre/17.0.11-linux-x86_64/lib/libverify.so
7fde14071000-7fde14075000 r--p 00000000 00:25 4026209                    /home/taipan/.vscode/extensions/redhat.java-1.32.0-linux-x64/jre/17.0.11-linux-x86_64/lib/libnet.so
7fde14075000-7fde14083000 r-xp 00004000 00:25 4026209                    /home/taipan/.vscode/extensions/redhat.java-1.32.0-linux-x64/jre/17.0.11-linux-x86_64/lib/libnet.so
7fde14083000-7fde14087000 r--p 00012000 00:25 4026209                    /home/taipan/.vscode/extensions/redhat.java-1.32.0-linux-x64/jre/17.0.11-linux-x86_64/lib/libnet.so
7fde14087000-7fde14088000 r--p 00015000 00:25 4026209                    /home/taipan/.vscode/extensions/redhat.java-1.32.0-linux-x64/jre/17.0.11-linux-x86_64/lib/libnet.so
7fde14088000-7fde14089000 rw-p 00016000 00:25 4026209                    /home/taipan/.vscode/extensions/redhat.java-1.32.0-linux-x64/jre/17.0.11-linux-x86_64/lib/libnet.so
7fde14089000-7fde14090000 r--p 00000000 00:25 4026210                    /home/taipan/.vscode/extensions/redhat.java-1.32.0-linux-x64/jre/17.0.11-linux-x86_64/lib/libnio.so
7fde14090000-7fde14099000 r-xp 00007000 00:25 4026210                    /home/taipan/.vscode/extensions/redhat.java-1.32.0-linux-x64/jre/17.0.11-linux-x86_64/lib/libnio.so
7fde14099000-7fde1409d000 r--p 00010000 00:25 4026210                    /home/taipan/.vscode/extensions/redhat.java-1.32.0-linux-x64/jre/17.0.11-linux-x86_64/lib/libnio.so
7fde1409d000-7fde1409e000 ---p 00014000 00:25 4026210                    /home/taipan/.vscode/extensions/redhat.java-1.32.0-linux-x64/jre/17.0.11-linux-x86_64/lib/libnio.so
7fde1409e000-7fde1409f000 r--p 00014000 00:25 4026210                    /home/taipan/.vscode/extensions/redhat.java-1.32.0-linux-x64/jre/17.0.11-linux-x86_64/lib/libnio.so
7fde1409f000-7fde140a0000 rw-p 00015000 00:25 4026210                    /home/taipan/.vscode/extensions/redhat.java-1.32.0-linux-x64/jre/17.0.11-linux-x86_64/lib/libnio.so
7fde140a0000-7fde142a2000 rw-p 00000000 00:00 0 
7fde142a2000-7fde142a4000 r--p 00000000 00:25 4026217                    /home/taipan/.vscode/extensions/redhat.java-1.32.0-linux-x64/jre/17.0.11-linux-x86_64/lib/libzip.so
7fde142a4000-7fde142b6000 r-xp 00002000 00:25 4026217                    /home/taipan/.vscode/extensions/redhat.java-1.32.0-linux-x64/jre/17.0.11-linux-x86_64/lib/libzip.so
7fde142b6000-7fde142be000 r--p 00014000 00:25 4026217                    /home/taipan/.vscode/extensions/redhat.java-1.32.0-linux-x64/jre/17.0.11-linux-x86_64/lib/libzip.so
7fde142be000-7fde142bf000 r--p 0001b000 00:25 4026217                    /home/taipan/.vscode/extensions/redhat.java-1.32.0-linux-x64/jre/17.0.11-linux-x86_64/lib/libzip.so
7fde142bf000-7fde142c0000 rw-p 0001c000 00:25 4026217                    /home/taipan/.vscode/extensions/redhat.java-1.32.0-linux-x64/jre/17.0.11-linux-x86_64/lib/libzip.so
7fde142c0000-7fde14613000 rw-p 00000000 00:00 0 
7fde14613000-7fde14747000 ---p 00000000 00:00 0 
7fde14747000-7fde14748000 ---p 00000000 00:00 0 
7fde14748000-7fde1486a000 rw-p 00000000 00:00 0 
7fde1486a000-7fde1499d000 ---p 00000000 00:00 0 
7fde1499d000-7fde149ae000 rw-p 00000000 00:00 0 
7fde149ae000-7fde14a48000 ---p 00000000 00:00 0 
7fde14a48000-7fde14a4e000 rw-p 00000000 00:00 0 
7fde14a4e000-7fde14b34000 ---p 00000000 00:00 0 
7fde14b34000-7fde14b39000 rw-p 00000000 00:00 0 
7fde14b39000-7fde14c1f000 ---p 00000000 00:00 0 
7fde14c1f000-7fde14c23000 ---p 00000000 00:00 0 
7fde14c23000-7fde14d1f000 rw-p 00000000 00:00 0 
7fde14d1f000-7fde14d2f000 r--p 00000000 00:25 401488                     /usr/lib64/libm.so.6
7fde14d2f000-7fde14da4000 r-xp 00010000 00:25 401488                     /usr/lib64/libm.so.6
7fde14da4000-7fde14dfe000 r--p 00085000 00:25 401488                     /usr/lib64/libm.so.6
7fde14dfe000-7fde14dff000 r--p 000de000 00:25 401488                     /usr/lib64/libm.so.6
7fde14dff000-7fde14e00000 rw-p 000df000 00:25 401488                     /usr/lib64/libm.so.6
7fde14e00000-7fde15053000 r--p 00000000 00:25 4026228                    /home/taipan/.vscode/extensions/redhat.java-1.32.0-linux-x64/jre/17.0.11-linux-x86_64/lib/server/libjvm.so
7fde15053000-7fde15d75000 r-xp 00253000 00:25 4026228                    /home/taipan/.vscode/extensions/redhat.java-1.32.0-linux-x64/jre/17.0.11-linux-x86_64/lib/server/libjvm.so
7fde15d75000-7fde16001000 r--p 00f75000 00:25 4026228                    /home/taipan/.vscode/extensions/redhat.java-1.32.0-linux-x64/jre/17.0.11-linux-x86_64/lib/server/libjvm.so
7fde16001000-7fde16002000 ---p 01201000 00:25 4026228                    /home/taipan/.vscode/extensions/redhat.java-1.32.0-linux-x64/jre/17.0.11-linux-x86_64/lib/server/libjvm.so
7fde16002000-7fde160bb000 r--p 01201000 00:25 4026228                    /home/taipan/.vscode/extensions/redhat.java-1.32.0-linux-x64/jre/17.0.11-linux-x86_64/lib/server/libjvm.so
7fde160bb000-7fde160f0000 rw-p 012ba000 00:25 4026228                    /home/taipan/.vscode/extensions/redhat.java-1.32.0-linux-x64/jre/17.0.11-linux-x86_64/lib/server/libjvm.so
7fde160f0000-7fde1614a000 rw-p 00000000 00:00 0 
7fde1614f000-7fde16156000 r--s 00000000 00:25 553191                     /usr/lib64/gconv/gconv-modules.cache
7fde16156000-7fde1615b000 rw-p 00000000 00:00 0 
7fde1615b000-7fde16162000 ---p 00000000 00:00 0 
7fde16162000-7fde16170000 r--p 00000000 00:25 4026196                    /home/taipan/.vscode/extensions/redhat.java-1.32.0-linux-x64/jre/17.0.11-linux-x86_64/lib/libjava.so
7fde16170000-7fde16182000 r-xp 0000e000 00:25 4026196                    /home/taipan/.vscode/extensions/redhat.java-1.32.0-linux-x64/jre/17.0.11-linux-x86_64/lib/libjava.so
7fde16182000-7fde16188000 r--p 00020000 00:25 4026196                    /home/taipan/.vscode/extensions/redhat.java-1.32.0-linux-x64/jre/17.0.11-linux-x86_64/lib/libjava.so
7fde16188000-7fde16189000 ---p 00026000 00:25 4026196                    /home/taipan/.vscode/extensions/redhat.java-1.32.0-linux-x64/jre/17.0.11-linux-x86_64/lib/libjava.so
7fde16189000-7fde1618a000 r--p 00026000 00:25 4026196                    /home/taipan/.vscode/extensions/redhat.java-1.32.0-linux-x64/jre/17.0.11-linux-x86_64/lib/libjava.so
7fde1618a000-7fde1618b000 rw-p 00027000 00:25 4026196                    /home/taipan/.vscode/extensions/redhat.java-1.32.0-linux-x64/jre/17.0.11-linux-x86_64/lib/libjava.so
7fde1618b000-7fde1618c000 rw-p 00000000 00:00 0 
7fde1618c000-7fde16190000 r--p 00000000 00:25 4026200                    /home/taipan/.vscode/extensions/redhat.java-1.32.0-linux-x64/jre/17.0.11-linux-x86_64/lib/libjimage.so
7fde16190000-7fde161a3000 r-xp 00004000 00:25 4026200                    /home/taipan/.vscode/extensions/redhat.java-1.32.0-linux-x64/jre/17.0.11-linux-x86_64/lib/libjimage.so
7fde161a3000-7fde161a9000 r--p 00017000 00:25 4026200                    /home/taipan/.vscode/extensions/redhat.java-1.32.0-linux-x64/jre/17.0.11-linux-x86_64/lib/libjimage.so
7fde161a9000-7fde161ab000 r--p 0001c000 00:25 4026200                    /home/taipan/.vscode/extensions/redhat.java-1.32.0-linux-x64/jre/17.0.11-linux-x86_64/lib/libjimage.so
7fde161ab000-7fde161ac000 rw-p 0001e000 00:25 4026200                    /home/taipan/.vscode/extensions/redhat.java-1.32.0-linux-x64/jre/17.0.11-linux-x86_64/lib/libjimage.so
7fde161ac000-7fde161ad000 r--p 00000000 00:25 401495                     /usr/lib64/librt.so.1
7fde161ad000-7fde161ae000 r-xp 00001000 00:25 401495                     /usr/lib64/librt.so.1
7fde161ae000-7fde161af000 r--p 00002000 00:25 401495                     /usr/lib64/librt.so.1
7fde161af000-7fde161b0000 r--p 00002000 00:25 401495                     /usr/lib64/librt.so.1
7fde161b0000-7fde161b1000 rw-p 00003000 00:25 401495                     /usr/lib64/librt.so.1
7fde161b1000-7fde161b3000 rw-p 00000000 00:00 0 
7fde161b3000-7fde161d9000 r--p 00000000 00:25 401485                     /usr/lib64/libc.so.6
7fde161d9000-7fde16336000 r-xp 00026000 00:25 401485                     /usr/lib64/libc.so.6
7fde16336000-7fde16383000 r--p 00183000 00:25 401485                     /usr/lib64/libc.so.6
7fde16383000-7fde16387000 r--p 001d0000 00:25 401485                     /usr/lib64/libc.so.6
7fde16387000-7fde16389000 rw-p 001d4000 00:25 401485                     /usr/lib64/libc.so.6
7fde16389000-7fde16391000 rw-p 00000000 00:00 0 
7fde16391000-7fde16392000 r--p 00000000 00:25 401487                     /usr/lib64/libdl.so.2
7fde16392000-7fde16393000 r-xp 00001000 00:25 401487                     /usr/lib64/libdl.so.2
7fde16393000-7fde16394000 r--p 00002000 00:25 401487                     /usr/lib64/libdl.so.2
7fde16394000-7fde16395000 r--p 00002000 00:25 401487                     /usr/lib64/libdl.so.2
7fde16395000-7fde16396000 rw-p 00003000 00:25 401487                     /usr/lib64/libdl.so.2
7fde16396000-7fde16397000 r--p 00000000 00:25 401493                     /usr/lib64/libpthread.so.0
7fde16397000-7fde16398000 r-xp 00001000 00:25 401493                     /usr/lib64/libpthread.so.0
7fde16398000-7fde16399000 r--p 00002000 00:25 401493                     /usr/lib64/libpthread.so.0
7fde16399000-7fde1639a000 r--p 00002000 00:25 401493                     /usr/lib64/libpthread.so.0
7fde1639a000-7fde1639b000 rw-p 00003000 00:25 401493                     /usr/lib64/libpthread.so.0
7fde1639b000-7fde163a3000 rw-s 00000000 00:29 679                        /tmp/hsperfdata_taipan/20566
7fde163a3000-7fde163a5000 r--p 00000000 00:25 4026191                    /home/taipan/.vscode/extensions/redhat.java-1.32.0-linux-x64/jre/17.0.11-linux-x86_64/lib/libinstrument.so
7fde163a5000-7fde163ab000 r-xp 00002000 00:25 4026191                    /home/taipan/.vscode/extensions/redhat.java-1.32.0-linux-x64/jre/17.0.11-linux-x86_64/lib/libinstrument.so
7fde163ab000-7fde163ae000 r--p 00008000 00:25 4026191                    /home/taipan/.vscode/extensions/redhat.java-1.32.0-linux-x64/jre/17.0.11-linux-x86_64/lib/libinstrument.so
7fde163ae000-7fde163af000 r--p 0000a000 00:25 4026191                    /home/taipan/.vscode/extensions/redhat.java-1.32.0-linux-x64/jre/17.0.11-linux-x86_64/lib/libinstrument.so
7fde163af000-7fde163b0000 rw-p 0000b000 00:25 4026191                    /home/taipan/.vscode/extensions/redhat.java-1.32.0-linux-x64/jre/17.0.11-linux-x86_64/lib/libinstrument.so
7fde163b0000-7fde163b1000 ---p 00000000 00:00 0 
7fde163b1000-7fde163b2000 r--p 00000000 00:00 0 
7fde163b2000-7fde163b3000 ---p 00000000 00:00 0 
7fde163b3000-7fde163b6000 r--p 00000000 00:25 4026201                    /home/taipan/.vscode/extensions/redhat.java-1.32.0-linux-x64/jre/17.0.11-linux-x86_64/lib/libjli.so
7fde163b6000-7fde163c6000 r-xp 00003000 00:25 4026201                    /home/taipan/.vscode/extensions/redhat.java-1.32.0-linux-x64/jre/17.0.11-linux-x86_64/lib/libjli.so
7fde163c6000-7fde163cd000 r--p 00013000 00:25 4026201                    /home/taipan/.vscode/extensions/redhat.java-1.32.0-linux-x64/jre/17.0.11-linux-x86_64/lib/libjli.so
7fde163cd000-7fde163ce000 r--p 00019000 00:25 4026201                    /home/taipan/.vscode/extensions/redhat.java-1.32.0-linux-x64/jre/17.0.11-linux-x86_64/lib/libjli.so
7fde163ce000-7fde163cf000 rw-p 0001a000 00:25 4026201                    /home/taipan/.vscode/extensions/redhat.java-1.32.0-linux-x64/jre/17.0.11-linux-x86_64/lib/libjli.so
7fde163cf000-7fde163d1000 rw-p 00000000 00:00 0 
7fde163d1000-7fde163d2000 r--p 00000000 00:25 401482                     /usr/lib64/ld-linux-x86-64.so.2
7fde163d2000-7fde163f9000 r-xp 00001000 00:25 401482                     /usr/lib64/ld-linux-x86-64.so.2
7fde163f9000-7fde16403000 r--p 00028000 00:25 401482                     /usr/lib64/ld-linux-x86-64.so.2
7fde16403000-7fde16405000 r--p 00031000 00:25 401482                     /usr/lib64/ld-linux-x86-64.so.2
7fde16405000-7fde16407000 rw-p 00033000 00:25 401482                     /usr/lib64/ld-linux-x86-64.so.2
7fffbbc70000-7fffbbc91000 rw-p 00000000 00:00 0                          [stack]
7fffbbcb0000-7fffbbcb4000 r--p 00000000 00:00 0                          [vvar]
7fffbbcb4000-7fffbbcb6000 r-xp 00000000 00:00 0                          [vdso]
ffffffffff600000-ffffffffff601000 --xp 00000000 00:00 0                  [vsyscall]


VM Arguments:
jvm_args: --add-modules=ALL-SYSTEM --add-opens=java.base/java.util=ALL-UNNAMED --add-opens=java.base/java.lang=ALL-UNNAMED --add-opens=java.base/sun.nio.fs=ALL-UNNAMED -Declipse.application=org.eclipse.jdt.ls.core.id1 -Dosgi.bundles.defaultStartLevel=4 -Declipse.product=org.eclipse.jdt.ls.core.product -Djava.import.generatesMetadataFilesAtProjectRoot=false -DDetectVMInstallationsJob.disabled=true -Dfile.encoding=utf8 -XX:+UseParallelGC -XX:GCTimeRatio=4 -XX:AdaptiveSizePolicyWeight=90 -Dsun.zip.disableMemoryMapping=true -Xmx1G -Xms100m -Xlog:disable -javaagent:/home/taipan/.vscode/extensions/redhat.java-1.32.0-linux-x64/lombok/lombok-1.18.33.jar 
java_command: /home/taipan/.vscode/extensions/redhat.java-1.32.0-linux-x64/server/plugins/org.eclipse.equinox.launcher_1.6.900.v20240613-2009.jar -configuration /home/taipan/.config/Code/User/globalStorage/redhat.java/1.32.0/config_ss_linux -data /home/taipan/.config/Code/User/workspaceStorage/c01b30f258b44b3e7c026d81545fec35/redhat.java/ss_ws --pipe=/run/user/1000/lsp-457a0b896d7b2a86469be6f0be0aa649.sock
java_class_path (initial): /home/taipan/.vscode/extensions/redhat.java-1.32.0-linux-x64/server/plugins/org.eclipse.equinox.launcher_1.6.900.v20240613-2009.jar
Launcher Type: SUN_STANDARD

[Global flags]
    uintx AdaptiveSizePolicyWeight                 = 90                                        {product} {command line}
     intx CICompilerCount                          = 4                                         {product} {ergonomic}
    uintx GCTimeRatio                              = 4                                         {product} {command line}
   size_t InitialHeapSize                          = 104857600                                 {product} {command line}
   size_t MaxHeapSize                              = 1073741824                                {product} {command line}
   size_t MaxNewSize                               = 357564416                                 {product} {ergonomic}
   size_t MinHeapDeltaBytes                        = 524288                                    {product} {ergonomic}
   size_t MinHeapSize                              = 104857600                                 {product} {command line}
   size_t NewSize                                  = 34603008                                  {product} {ergonomic}
    uintx NonNMethodCodeHeapSize                   = 5839372                                {pd product} {ergonomic}
    uintx NonProfiledCodeHeapSize                  = 122909434                              {pd product} {ergonomic}
   size_t OldSize                                  = 70254592                                  {product} {ergonomic}
    uintx ProfiledCodeHeapSize                     = 122909434                              {pd product} {ergonomic}
    uintx ReservedCodeCacheSize                    = 251658240                              {pd product} {ergonomic}
     bool SegmentedCodeCache                       = true                                      {product} {ergonomic}
   size_t SoftMaxHeapSize                          = 1073741824                             {manageable} {ergonomic}
     bool UseCompressedClassPointers               = true                           {product lp64_product} {ergonomic}
     bool UseCompressedOops                        = true                           {product lp64_product} {ergonomic}
     bool UseParallelGC                            = true                                      {product} {command line}

Logging:
Log output configuration:
 #0: stdout all=off uptime,level,tags
 #1: stderr all=off uptime,level,tags

Environment Variables:
PATH=/home/taipan/.nvm/versions/node/v14.16.0/bin:/home/taipan/.local/bin:/home/taipan/bin:/usr/local/bin:/usr/local/sbin:/usr/bin:/usr/sbin:/var/lib/snapd/snap/bin
USERNAME=taipan
SHELL=/bin/bash
DISPLAY=:0
LANG=en_US.UTF-8

Active Locale:
LC_ALL=en_US.UTF-8
LC_COLLATE=en_US.UTF-8
LC_CTYPE=en_US.UTF-8
LC_MESSAGES=en_US.UTF-8
LC_MONETARY=en_US.UTF-8
LC_NUMERIC=en_US.UTF-8
LC_TIME=en_US.UTF-8

Signal Handlers:
   SIGSEGV: crash_handler in libjvm.so, mask=11100100010111111101111111111110, flags=SA_RESTART|SA_SIGINFO, unblocked
    SIGBUS: crash_handler in libjvm.so, mask=11100100010111111101111111111110, flags=SA_RESTART|SA_SIGINFO, unblocked
    SIGFPE: crash_handler in libjvm.so, mask=11100100010111111101111111111110, flags=SA_RESTART|SA_SIGINFO, unblocked
   SIGPIPE: javaSignalHandler in libjvm.so, mask=11100100010111111101111111111110, flags=SA_RESTART|SA_SIGINFO, blocked
   SIGXFSZ: javaSignalHandler in libjvm.so, mask=11100100010111111101111111111110, flags=SA_RESTART|SA_SIGINFO, blocked
    SIGILL: crash_handler in libjvm.so, mask=11100100010111111101111111111110, flags=SA_RESTART|SA_SIGINFO, unblocked
   SIGUSR2: SR_handler in libjvm.so, mask=00000000000000000000000000000000, flags=SA_RESTART|SA_SIGINFO, blocked
    SIGHUP: UserHandler in libjvm.so, mask=11100100010111111101111111111110, flags=SA_RESTART|SA_SIGINFO, blocked
    SIGINT: UserHandler in libjvm.so, mask=11100100010111111101111111111110, flags=SA_RESTART|SA_SIGINFO, blocked
   SIGTERM: UserHandler in libjvm.so, mask=11100100010111111101111111111110, flags=SA_RESTART|SA_SIGINFO, blocked
   SIGQUIT: UserHandler in libjvm.so, mask=11100100010111111101111111111110, flags=SA_RESTART|SA_SIGINFO, blocked
   SIGTRAP: crash_handler in libjvm.so, mask=11100100010111111101111111111110, flags=SA_RESTART|SA_SIGINFO, unblocked


Periodic native trim disabled


---------------  S Y S T E M  ---------------

OS:
Fedora release 38 (Thirty Eight)
uname: Linux 6.6.8-100.fc38.x86_64 #1 SMP PREEMPT_DYNAMIC Thu Dec 21 04:01:45 UTC 2023 x86_64
OS uptime: 0 days 1:06 hours
libc: glibc 2.37 NPTL 2.37 
rlimit (soft/hard): STACK 8192k/infinity , CORE infinity/infinity , NPROC 61364/61364 , NOFILE 524288/524288 , AS infinity/infinity , CPU infinity/infinity , DATA infinity/infinity , FSIZE infinity/infinity , MEMLOCK 8192k/8192k
load average: 0.98 0.92 1.15

/proc/meminfo:
MemTotal:       15772876 kB
MemFree:         4530252 kB
MemAvailable:   10253080 kB
Buffers:            3536 kB
Cached:          6071792 kB
SwapCached:            0 kB
Active:          6901476 kB
Inactive:        3227964 kB
Active(anon):    4207016 kB
Inactive(anon):        0 kB
Active(file):    2694460 kB
Inactive(file):  3227964 kB
Unevictable:        5464 kB
Mlocked:            5464 kB
SwapTotal:       8388604 kB
SwapFree:        8388604 kB
Zswap:                 0 kB
Zswapped:              0 kB
Dirty:              2616 kB
Writeback:             0 kB
AnonPages:       4059860 kB
Mapped:          1121936 kB
Shmem:            147912 kB
KReclaimable:     104964 kB
Slab:             353356 kB
SReclaimable:     104964 kB
SUnreclaim:       248392 kB
KernelStack:       26764 kB
PageTables:        63684 kB
SecPageTables:         0 kB
NFS_Unstable:          0 kB
Bounce:                0 kB
WritebackTmp:          0 kB
CommitLimit:    16275040 kB
Committed_AS:   17527440 kB
VmallocTotal:   34359738367 kB
VmallocUsed:      126748 kB
VmallocChunk:          0 kB
Percpu:            15808 kB
HardwareCorrupted:     0 kB
AnonHugePages:         0 kB
ShmemHugePages:        0 kB
ShmemPmdMapped:        0 kB
FileHugePages:         0 kB
FilePmdMapped:         0 kB
CmaTotal:              0 kB
CmaFree:               0 kB
Unaccepted:            0 kB
HugePages_Total:       0
HugePages_Free:        0
HugePages_Rsvd:        0
HugePages_Surp:        0
Hugepagesize:       2048 kB
Hugetlb:               0 kB
DirectMap4k:      829104 kB
DirectMap2M:    14292992 kB
DirectMap1G:     1048576 kB

/sys/kernel/mm/transparent_hugepage/enabled: always [madvise] never
/sys/kernel/mm/transparent_hugepage/hpage_pmd_size: 2097152
/sys/kernel/mm/transparent_hugepage/defrag (defrag/compaction efforts parameter): always defer defer+madvise [madvise] never

Process Memory:
Virtual Size: 3841288K (peak: 3841288K)
Resident Set Size: 67552K (peak: 67552K) (anon: 42080K, file: 25472K, shmem: 0K)
Swapped out: 0K
C-Heap outstanding allocations: 52054K, retained: 3185K
glibc malloc tunables: (default)

/proc/sys/kernel/threads-max (system-wide limit on the number of threads): 122729
/proc/sys/vm/max_map_count (maximum number of memory map areas a process may have): 65530
/proc/sys/kernel/pid_max (system-wide limit on number of process identifiers): 4194304

container (cgroup) information:
container_type: cgroupv2
cpu_cpuset_cpus: not supported
cpu_memory_nodes: not supported
active_processor_count: 12
cpu_quota: no quota
cpu_period: 100000
cpu_shares: 8192
memory_limit_in_bytes: unlimited
memory_and_swap_limit_in_bytes: unlimited
memory_soft_limit_in_bytes: unlimited
memory_usage_in_bytes: 468744 k
memory_max_usage_in_bytes: not supported
memory_swap_current_in_bytes: unlimited
memory_swap_max_limit_in_bytes: unlimited
maximum number of tasks: 18409
current number of tasks: 165

Steal ticks since vm start: 0
Steal ticks percentage since vm start:  0.000

CPU: total 16 (initial active 12) (12 cores per cpu, 2 threads per core) family 23 model 96 stepping 1 microcode 0x8600104, cx8, cmov, fxsr, ht, mmx, 3dnowpref, sse, sse2, sse3, ssse3, sse4a, sse4.1, sse4.2, popcnt, lzcnt, tsc, tscinvbit, avx, avx2, aes, clmul, bmi1, bmi2, adx, sha, fma, vzeroupper, clflush, clflushopt
CPU Model and flags from /proc/cpuinfo:
model name	: AMD Ryzen 5 4600H with Radeon Graphics
flags		: fpu vme de pse tsc msr pae mce cx8 apic sep mtrr pge mca cmov pat pse36 clflush mmx fxsr sse sse2 ht syscall nx mmxext fxsr_opt pdpe1gb rdtscp lm constant_tsc rep_good nopl nonstop_tsc cpuid extd_apicid aperfmperf rapl pni pclmulqdq monitor ssse3 fma cx16 sse4_1 sse4_2 movbe popcnt aes xsave avx f16c rdrand lahf_lm cmp_legacy svm extapic cr8_legacy abm sse4a misalignsse 3dnowprefetch osvw ibs skinit wdt tce topoext perfctr_core perfctr_nb bpext perfctr_llc mwaitx cpb cat_l3 cdp_l3 hw_pstate ssbd mba ibrs ibpb stibp vmmcall fsgsbase bmi1 avx2 smep bmi2 cqm rdt_a rdseed adx smap clflushopt clwb sha_ni xsaveopt xsavec xgetbv1 cqm_llc cqm_occup_llc cqm_mbm_total cqm_mbm_local clzero irperf xsaveerptr rdpru wbnoinvd cppc arat npt lbrv svm_lock nrip_save tsc_scale vmcb_clean flushbyasid decodeassists pausefilter pfthreshold avic v_vmsave_vmload vgif v_spec_ctrl umip rdpid overflow_recov succor smca sev sev_es

Online cpus: 0-11
Offline cpus: 12-15
BIOS frequency limitation: 3000000
Frequency switch latency (ns): 0
Available cpu frequencies: 3000000 1700000 1400000 
Current governor: schedutil
Core performance/turbo boost: 1

Memory: 4k page, physical 15772876k(4527228k free), swap 8388604k(8388604k free)
Page Sizes: 4k

vm_info: OpenJDK 64-Bit Server VM (17.0.11+9) for linux-amd64 JRE (17.0.11+9), built on Apr 16 2024 00:00:00 by "admin" with gcc 10.3.0

END.
